This is pdfTeX, Version 3.141592653-2.6-1.40.24 (MiKTeX 22.1) (preloaded format=pdflatex 2023.11.25)  25 NOV 2023 18:11
entering extended mode
 restricted \write18 enabled.
 file:line:error style messages enabled.
 %&-line parsing enabled.
**"/Users/artemon/Library/Mobile Documents/com~apple~CloudDocs/Programming/python_projects/KNN/Лабораторная_работа_по_KNN.tex"

! Emergency stop.
<to be read again> 
                   \protect 
<*> "/Users/artemon/Library/Mobile Documents/com~
                                                 apple~CloudDocs/Programming...
*** (job aborted, file error in nonstop mode)

 
Here is how much of TeX's memory you used:
 3 strings out of 476521
 55 string characters out of 2795168
 1923555 words of memory out of 3000000
 22047 multiletter control sequences out of 15000+600000
 558069 words of font info for 36 fonts, out of 8000000 for 9000
 0 hyphenation exceptions out of 8191
 2i,0n,0p,1b,6s stack positions out of 5000i,500n,10000p,200000b,80000s
!  ==> Fatal error occurred, no output PDF file produced!
